<?xml version="1.0" encoding="UTF-8"?>
<testsuite xmlns:xsi="http://www.w3.org/2001/XMLSchema-instance" xsi:noNamespaceSchemaLocation="https://maven.apache.org/surefire/maven-surefire-plugin/xsd/surefire-test-report.xsd" version="3.0.1" name="Sidebar" time="3.424" tests="5" errors="4" skipped="0" failures="0">
  <properties>
[...]
</properties>
  <testcase name="dropDownBar(String, String)[1]" classname="Navigation" time="1.823"/>
  <testcase name="dropDownBar(String, String)[2]" classname="Navigation" time="1.42">
    <error message="Error {&#10;  message=&apos;Element is not attached to the DOM&#10;  name=&apos;Error&#10;  stack=&apos;Error: Element is not attached to the DOM&#10;    at throwRetargetableDOMError (/tmp/playwright-java-17306950920858329419/package/lib/server/dom.js:779:46)&#10;    at /tmp/playwright-java-17306950920858329419/package/lib/server/dom.js:435:25&#10;    at runNextTicks (node:internal/process/task_queues:60:5)&#10;    at process.processImmediate (node:internal/timers:449:9)&#10;    at async ProgressController.run (/tmp/playwright-java-17306950920858329419/package/lib/server/progress.js:82:22)&#10;    at async ElementHandleDispatcher.hover (/tmp/playwright-java-17306950920858329419/package/lib/server/dispatchers/elementHandlerDispatcher.js:124:12)&#10;    at async LongStandingScope._race (/tmp/playwright-java-17306950920858329419/package/lib/utils/manualPromise.js:96:14)&#10;    at async ElementHandleDispatcher._handleCommand (/tmp/playwright-java-17306950920858329419/package/lib/server/dispatchers/dispatcher.js:96:14)&#10;    at async DispatcherConnection.dispatch (/tmp/playwright-java-17306950920858329419/package/lib/server/dispatchers/dispatcher.js:365:22)&#10;}&#10;Call log:&#10;- attempting hover action&#10;-   waiting for element to be visible and stable&#10;" type="com.microsoft.playwright.PlaywrightException"><![CDATA[com.microsoft.playwright.PlaywrightException: 
Error {
  message='Element is not attached to the DOM
  name='Error
  stack='Error: Element is not attached to the DOM
    at throwRetargetableDOMError (/tmp/playwright-java-17306950920858329419/package/lib/server/dom.js:779:46)
    at /tmp/playwright-java-17306950920858329419/package/lib/server/dom.js:435:25
    at runNextTicks (node:internal/process/task_queues:60:5)
    at process.processImmediate (node:internal/timers:449:9)
    at async ProgressController.run (/tmp/playwright-java-17306950920858329419/package/lib/server/progress.js:82:22)
    at async ElementHandleDispatcher.hover (/tmp/playwright-java-17306950920858329419/package/lib/server/dispatchers/elementHandlerDispatcher.js:124:12)
    at async LongStandingScope._race (/tmp/playwright-java-17306950920858329419/package/lib/utils/manualPromise.js:96:14)
    at async ElementHandleDispatcher._handleCommand (/tmp/playwright-java-17306950920858329419/package/lib/server/dispatchers/dispatcher.js:96:14)
    at async DispatcherConnection.dispatch (/tmp/playwright-java-17306950920858329419/package/lib/server/dispatchers/dispatcher.js:365:22)
}
Call log:
- attempting hover action
-   waiting for element to be visible and stable

	at com.microsoft.playwright.impl.WaitableResult.get(WaitableResult.java:54)
	at com.microsoft.playwright.impl.ChannelOwner.runUntil(ChannelOwner.java:120)
	at com.microsoft.playwright.impl.Connection.sendMessage(Connection.java:130)
	at com.microsoft.playwright.impl.ChannelOwner.sendMessage(ChannelOwner.java:106)
	at com.microsoft.playwright.impl.ElementHandleImpl.hoverImpl(ElementHandleImpl.java:220)
	at com.microsoft.playwright.impl.ElementHandleImpl.lambda$hover$13(ElementHandleImpl.java:212)
	at com.microsoft.playwright.impl.LoggingSupport.lambda$withLogging$0(LoggingSupport.java:36)
	at com.microsoft.playwright.impl.LoggingSupport.withLogging(LoggingSupport.java:47)
	at com.microsoft.playwright.impl.ChannelOwner.withLogging(ChannelOwner.java:89)
	at com.microsoft.playwright.impl.LoggingSupport.withLogging(LoggingSupport.java:35)
	at com.microsoft.playwright.impl.ElementHandleImpl.hover(ElementHandleImpl.java:212)
	at com.microsoft.playwright.ElementHandle.hover(ElementHandle.java:1663)
	at NavigationHeader.hoverElement(NavigationHeader.java:46)
	at Navigation.dropDownBar(Navigation.java:36)
	at java.base/java.lang.reflect.Method.invoke(Method.java:569)
	at java.base/java.util.stream.ForEachOps$ForEachOp$OfRef.accept(ForEachOps.java:183)
	at java.base/java.util.stream.ReferencePipeline$3$1.accept(ReferencePipeline.java:197)
	at java.base/java.util.stream.ReferencePipeline$2$1.accept(ReferencePipeline.java:179)
	at java.base/java.util.stream.ReferencePipeline$3$1.accept(ReferencePipeline.java:197)
	at java.base/java.util.stream.ForEachOps$ForEachOp$OfRef.accept(ForEachOps.java:183)
	at java.base/java.util.stream.ReferencePipeline$3$1.accept(ReferencePipeline.java:197)
	at java.base/java.util.stream.ReferencePipeline$3$1.accept(ReferencePipeline.java:197)
	at java.base/java.util.stream.ReferencePipeline$3$1.accept(ReferencePipeline.java:197)
	at java.base/java.util.ArrayList$ArrayListSpliterator.forEachRemaining(ArrayList.java:1625)
	at java.base/java.util.stream.ReferencePipeline$Head.forEach(ReferencePipeline.java:762)
	at java.base/java.util.stream.ReferencePipeline$7$1.accept(ReferencePipeline.java:276)
	at java.base/java.util.stream.ReferencePipeline$3$1.accept(ReferencePipeline.java:197)
	at java.base/java.util.stream.ReferencePipeline$3$1.accept(ReferencePipeline.java:197)
	at java.base/java.util.stream.ReferencePipeline$3$1.accept(ReferencePipeline.java:197)
	at java.base/java.util.ArrayList$ArrayListSpliterator.forEachRemaining(ArrayList.java:1625)
	at java.base/java.util.stream.AbstractPipeline.copyInto(AbstractPipeline.java:509)
	at java.base/java.util.stream.AbstractPipeline.wrapAndCopyInto(AbstractPipeline.java:499)
	at java.base/java.util.stream.ForEachOps$ForEachOp.evaluateSequential(ForEachOps.java:150)
	at java.base/java.util.stream.ForEachOps$ForEachOp$OfRef.evaluateSequential(ForEachOps.java:173)
	at java.base/java.util.stream.AbstractPipeline.evaluate(AbstractPipeline.java:234)
	at java.base/java.util.stream.ReferencePipeline.forEach(ReferencePipeline.java:596)
	at java.base/java.util.stream.ReferencePipeline$7$1.accept(ReferencePipeline.java:276)
	at java.base/java.util.ArrayList$ArrayListSpliterator.forEachRemaining(ArrayList.java:1625)
	at java.base/java.util.stream.AbstractPipeline.copyInto(AbstractPipeline.java:509)
	at java.base/java.util.stream.AbstractPipeline.wrapAndCopyInto(AbstractPipeline.java:499)
	at java.base/java.util.stream.ForEachOps$ForEachOp.evaluateSequential(ForEachOps.java:150)
	at java.base/java.util.stream.ForEachOps$ForEachOp$OfRef.evaluateSequential(ForEachOps.java:173)
	at java.base/java.util.stream.AbstractPipeline.evaluate(AbstractPipeline.java:234)
	at java.base/java.util.stream.ReferencePipeline.forEach(ReferencePipeline.java:596)
	at java.base/java.util.concurrent.RecursiveAction.exec(RecursiveAction.java:194)
	at java.base/java.util.concurrent.ForkJoinTask.doExec(ForkJoinTask.java:373)
	at java.base/java.util.concurrent.ForkJoinPool$WorkQueue.topLevelExec(ForkJoinPool.java:1182)
	at java.base/java.util.concurrent.ForkJoinPool.scan(ForkJoinPool.java:1655)
	at java.base/java.util.concurrent.ForkJoinPool.runWorker(ForkJoinPool.java:1622)
	at java.base/java.util.concurrent.ForkJoinWorkerThread.run(ForkJoinWorkerThread.java:165)
Caused by: com.microsoft.playwright.impl.DriverException: Error {
  message='Element is not attached to the DOM
  name='Error
  stack='Error: Element is not attached to the DOM
    at throwRetargetableDOMError (/tmp/playwright-java-17306950920858329419/package/lib/server/dom.js:779:46)
    at /tmp/playwright-java-17306950920858329419/package/lib/server/dom.js:435:25
    at runNextTicks (node:internal/process/task_queues:60:5)
    at process.processImmediate (node:internal/timers:449:9)
    at async ProgressController.run (/tmp/playwright-java-17306950920858329419/package/lib/server/progress.js:82:22)
    at async ElementHandleDispatcher.hover (/tmp/playwright-java-17306950920858329419/package/lib/server/dispatchers/elementHandlerDispatcher.js:124:12)
    at async LongStandingScope._race (/tmp/playwright-java-17306950920858329419/package/lib/utils/manualPromise.js:96:14)
    at async ElementHandleDispatcher._handleCommand (/tmp/playwright-java-17306950920858329419/package/lib/server/dispatchers/dispatcher.js:96:14)
    at async DispatcherConnection.dispatch (/tmp/playwright-java-17306950920858329419/package/lib/server/dispatchers/dispatcher.js:365:22)
}
Call log:
- attempting hover action
-   waiting for element to be visible and stable

	at com.microsoft.playwright.impl.Connection.dispatch(Connection.java:259)
	at com.microsoft.playwright.impl.Connection.processOneMessage(Connection.java:211)
	at com.microsoft.playwright.impl.ChannelOwner.runUntil(ChannelOwner.java:118)
	at com.microsoft.playwright.impl.Connection.sendMessage(Connection.java:130)
	at com.microsoft.playwright.impl.ChannelOwner.sendMessage(ChannelOwner.java:106)
	at com.microsoft.playwright.impl.ChannelOwner.sendMessage(ChannelOwner.java:101)
	at com.microsoft.playwright.impl.ElementHandleImpl.lambda$innerText$15(ElementHandleImpl.java:234)
	at com.microsoft.playwright.impl.LoggingSupport.withLogging(LoggingSupport.java:47)
	at com.microsoft.playwright.impl.ChannelOwner.withLogging(ChannelOwner.java:89)
	at com.microsoft.playwright.impl.ElementHandleImpl.innerText(ElementHandleImpl.java:233)
	at java.base/java.util.stream.ReferencePipeline$3$1.accept(ReferencePipeline.java:197)
	at java.base/java.util.ArrayList$ArrayListSpliterator.tryAdvance(ArrayList.java:1602)
	at java.base/java.util.stream.ReferencePipeline.forEachWithCancel(ReferencePipeline.java:129)
	at java.base/java.util.stream.AbstractPipeline.copyIntoWithCancel(AbstractPipeline.java:527)
	at java.base/java.util.stream.AbstractPipeline.copyInto(AbstractPipeline.java:513)
	at java.base/java.util.stream.AbstractPipeline.wrapAndCopyInto(AbstractPipeline.java:499)
	at java.base/java.util.stream.ReduceOps$ReduceOp.evaluateSequential(ReduceOps.java:921)
	at java.base/java.util.stream.AbstractPipeline.evaluate(AbstractPipeline.java:234)
	at java.base/java.util.stream.ReferencePipeline.collect(ReferencePipeline.java:682)
	at Sidebar.guidesABCSort(Sidebar.java:23)
	at java.base/java.lang.reflect.Method.invoke(Method.java:569)
	at java.base/java.util.concurrent.RecursiveAction.exec(RecursiveAction.java:194)
	at java.base/java.util.concurrent.ForkJoinTask.doExec(ForkJoinTask.java:373)
	at java.base/java.util.concurrent.ForkJoinTask.awaitDone(ForkJoinTask.java:436)
	at java.base/java.util.concurrent.ForkJoinTask.join(ForkJoinTask.java:670)
	... 6 more
]]></error>
  </testcase>
  <testcase name="dropDownBar(String, String)[3]" classname="Navigation" time="1.177">
    <error message="Error {&#10;  message=&apos;Element is not attached to the DOM&#10;  name=&apos;Error&#10;  stack=&apos;Error: Element is not attached to the DOM&#10;    at throwRetargetableDOMError (/tmp/playwright-java-17306950920858329419/package/lib/server/dom.js:779:46)&#10;    at /tmp/playwright-java-17306950920858329419/package/lib/server/dom.js:435:25&#10;    at async ProgressController.run (/tmp/playwright-java-17306950920858329419/package/lib/server/progress.js:82:22)&#10;    at async ElementHandleDispatcher.hover (/tmp/playwright-java-17306950920858329419/package/lib/server/dispatchers/elementHandlerDispatcher.js:124:12)&#10;    at async LongStandingScope._race (/tmp/playwright-java-17306950920858329419/package/lib/utils/manualPromise.js:96:14)&#10;    at async ElementHandleDispatcher._handleCommand (/tmp/playwright-java-17306950920858329419/package/lib/server/dispatchers/dispatcher.js:96:14)&#10;    at async DispatcherConnection.dispatch (/tmp/playwright-java-17306950920858329419/package/lib/server/dispatchers/dispatcher.js:365:22)&#10;}&#10;Call log:&#10;- attempting hover action&#10;-   waiting for element to be visible and stable&#10;" type="com.microsoft.playwright.PlaywrightException"><![CDATA[com.microsoft.playwright.PlaywrightException: 
Error {
  message='Element is not attached to the DOM
  name='Error
  stack='Error: Element is not attached to the DOM
    at throwRetargetableDOMError (/tmp/playwright-java-17306950920858329419/package/lib/server/dom.js:779:46)
    at /tmp/playwright-java-17306950920858329419/package/lib/server/dom.js:435:25
    at async ProgressController.run (/tmp/playwright-java-17306950920858329419/package/lib/server/progress.js:82:22)
    at async ElementHandleDispatcher.hover (/tmp/playwright-java-17306950920858329419/package/lib/server/dispatchers/elementHandlerDispatcher.js:124:12)
    at async LongStandingScope._race (/tmp/playwright-java-17306950920858329419/package/lib/utils/manualPromise.js:96:14)
    at async ElementHandleDispatcher._handleCommand (/tmp/playwright-java-17306950920858329419/package/lib/server/dispatchers/dispatcher.js:96:14)
    at async DispatcherConnection.dispatch (/tmp/playwright-java-17306950920858329419/package/lib/server/dispatchers/dispatcher.js:365:22)
}
Call log:
- attempting hover action
-   waiting for element to be visible and stable

	at com.microsoft.playwright.impl.WaitableResult.get(WaitableResult.java:54)
	at com.microsoft.playwright.impl.ChannelOwner.runUntil(ChannelOwner.java:120)
	at com.microsoft.playwright.impl.Connection.sendMessage(Connection.java:130)
	at com.microsoft.playwright.impl.ChannelOwner.sendMessage(ChannelOwner.java:106)
	at com.microsoft.playwright.impl.ElementHandleImpl.hoverImpl(ElementHandleImpl.java:220)
	at com.microsoft.playwright.impl.ElementHandleImpl.lambda$hover$13(ElementHandleImpl.java:212)
	at com.microsoft.playwright.impl.LoggingSupport.lambda$withLogging$0(LoggingSupport.java:36)
	at com.microsoft.playwright.impl.LoggingSupport.withLogging(LoggingSupport.java:47)
	at com.microsoft.playwright.impl.ChannelOwner.withLogging(ChannelOwner.java:89)
	at com.microsoft.playwright.impl.LoggingSupport.withLogging(LoggingSupport.java:35)
	at com.microsoft.playwright.impl.ElementHandleImpl.hover(ElementHandleImpl.java:212)
	at com.microsoft.playwright.ElementHandle.hover(ElementHandle.java:1663)
	at NavigationHeader.hoverElement(NavigationHeader.java:46)
	at Navigation.dropDownBar(Navigation.java:36)
	at java.base/java.lang.reflect.Method.invoke(Method.java:569)
	at java.base/java.util.stream.ForEachOps$ForEachOp$OfRef.accept(ForEachOps.java:183)
	at java.base/java.util.stream.ReferencePipeline$3$1.accept(ReferencePipeline.java:197)
	at java.base/java.util.stream.ReferencePipeline$2$1.accept(ReferencePipeline.java:179)
	at java.base/java.util.stream.ReferencePipeline$3$1.accept(ReferencePipeline.java:197)
	at java.base/java.util.stream.ForEachOps$ForEachOp$OfRef.accept(ForEachOps.java:183)
	at java.base/java.util.stream.ReferencePipeline$3$1.accept(ReferencePipeline.java:197)
	at java.base/java.util.stream.ReferencePipeline$3$1.accept(ReferencePipeline.java:197)
	at java.base/java.util.stream.ReferencePipeline$3$1.accept(ReferencePipeline.java:197)
	at java.base/java.util.ArrayList$ArrayListSpliterator.forEachRemaining(ArrayList.java:1625)
	at java.base/java.util.stream.ReferencePipeline$Head.forEach(ReferencePipeline.java:762)
	at java.base/java.util.stream.ReferencePipeline$7$1.accept(ReferencePipeline.java:276)
	at java.base/java.util.stream.ReferencePipeline$3$1.accept(ReferencePipeline.java:197)
	at java.base/java.util.stream.ReferencePipeline$3$1.accept(ReferencePipeline.java:197)
	at java.base/java.util.stream.ReferencePipeline$3$1.accept(ReferencePipeline.java:197)
	at java.base/java.util.ArrayList$ArrayListSpliterator.forEachRemaining(ArrayList.java:1625)
	at java.base/java.util.stream.AbstractPipeline.copyInto(AbstractPipeline.java:509)
	at java.base/java.util.stream.AbstractPipeline.wrapAndCopyInto(AbstractPipeline.java:499)
	at java.base/java.util.stream.ForEachOps$ForEachOp.evaluateSequential(ForEachOps.java:150)
	at java.base/java.util.stream.ForEachOps$ForEachOp$OfRef.evaluateSequential(ForEachOps.java:173)
	at java.base/java.util.stream.AbstractPipeline.evaluate(AbstractPipeline.java:234)
	at java.base/java.util.stream.ReferencePipeline.forEach(ReferencePipeline.java:596)
	at java.base/java.util.stream.ReferencePipeline$7$1.accept(ReferencePipeline.java:276)
	at java.base/java.util.ArrayList$ArrayListSpliterator.forEachRemaining(ArrayList.java:1625)
	at java.base/java.util.stream.AbstractPipeline.copyInto(AbstractPipeline.java:509)
	at java.base/java.util.stream.AbstractPipeline.wrapAndCopyInto(AbstractPipeline.java:499)
	at java.base/java.util.stream.ForEachOps$ForEachOp.evaluateSequential(ForEachOps.java:150)
	at java.base/java.util.stream.ForEachOps$ForEachOp$OfRef.evaluateSequential(ForEachOps.java:173)
	at java.base/java.util.stream.AbstractPipeline.evaluate(AbstractPipeline.java:234)
	at java.base/java.util.stream.ReferencePipeline.forEach(ReferencePipeline.java:596)
	at java.base/java.util.concurrent.RecursiveAction.exec(RecursiveAction.java:194)
	at java.base/java.util.concurrent.ForkJoinTask.doExec(ForkJoinTask.java:373)
	at java.base/java.util.concurrent.ForkJoinPool$WorkQueue.topLevelExec(ForkJoinPool.java:1182)
	at java.base/java.util.concurrent.ForkJoinPool.scan(ForkJoinPool.java:1655)
	at java.base/java.util.concurrent.ForkJoinPool.runWorker(ForkJoinPool.java:1622)
	at java.base/java.util.concurrent.ForkJoinWorkerThread.run(ForkJoinWorkerThread.java:165)
Caused by: com.microsoft.playwright.impl.DriverException: Error {
  message='Element is not attached to the DOM
  name='Error
  stack='Error: Element is not attached to the DOM
    at throwRetargetableDOMError (/tmp/playwright-java-17306950920858329419/package/lib/server/dom.js:779:46)
    at /tmp/playwright-java-17306950920858329419/package/lib/server/dom.js:435:25
    at async ProgressController.run (/tmp/playwright-java-17306950920858329419/package/lib/server/progress.js:82:22)
    at async ElementHandleDispatcher.hover (/tmp/playwright-java-17306950920858329419/package/lib/server/dispatchers/elementHandlerDispatcher.js:124:12)
    at async LongStandingScope._race (/tmp/playwright-java-17306950920858329419/package/lib/utils/manualPromise.js:96:14)
    at async ElementHandleDispatcher._handleCommand (/tmp/playwright-java-17306950920858329419/package/lib/server/dispatchers/dispatcher.js:96:14)
    at async DispatcherConnection.dispatch (/tmp/playwright-java-17306950920858329419/package/lib/server/dispatchers/dispatcher.js:365:22)
}
Call log:
- attempting hover action
-   waiting for element to be visible and stable

	at com.microsoft.playwright.impl.Connection.dispatch(Connection.java:259)
	at com.microsoft.playwright.impl.Connection.processOneMessage(Connection.java:211)
	at com.microsoft.playwright.impl.ChannelOwner.runUntil(ChannelOwner.java:118)
	... 48 more
]]></error>
  </testcase>
  <testcase name="guidesABCSort" classname="Sidebar" time="2.957">
    <error message="Playwright connection closed" type="com.microsoft.playwright.PlaywrightException"><![CDATA[com.microsoft.playwright.PlaywrightException: Playwright connection closed
	at com.microsoft.playwright.impl.PipeTransport.poll(PipeTransport.java:65)
	at com.microsoft.playwright.impl.Connection.processOneMessage(Connection.java:205)
	at com.microsoft.playwright.impl.ChannelOwner.runUntil(ChannelOwner.java:118)
	at com.microsoft.playwright.impl.Connection.sendMessage(Connection.java:130)
	at com.microsoft.playwright.impl.ChannelOwner.sendMessage(ChannelOwner.java:106)
	at com.microsoft.playwright.impl.ChannelOwner.sendMessage(ChannelOwner.java:101)
	at com.microsoft.playwright.impl.ElementHandleImpl.lambda$innerText$15(ElementHandleImpl.java:234)
	at com.microsoft.playwright.impl.LoggingSupport.withLogging(LoggingSupport.java:47)
	at com.microsoft.playwright.impl.ChannelOwner.withLogging(ChannelOwner.java:89)
	at com.microsoft.playwright.impl.ElementHandleImpl.innerText(ElementHandleImpl.java:233)
	at java.base/java.util.stream.ReferencePipeline$3$1.accept(ReferencePipeline.java:197)
	at java.base/java.util.ArrayList$ArrayListSpliterator.tryAdvance(ArrayList.java:1602)
	at java.base/java.util.stream.ReferencePipeline.forEachWithCancel(ReferencePipeline.java:129)
	at java.base/java.util.stream.AbstractPipeline.copyIntoWithCancel(AbstractPipeline.java:527)
	at java.base/java.util.stream.AbstractPipeline.copyInto(AbstractPipeline.java:513)
	at java.base/java.util.stream.AbstractPipeline.wrapAndCopyInto(AbstractPipeline.java:499)
	at java.base/java.util.stream.ReduceOps$ReduceOp.evaluateSequential(ReduceOps.java:921)
	at java.base/java.util.stream.AbstractPipeline.evaluate(AbstractPipeline.java:234)
	at java.base/java.util.stream.ReferencePipeline.collect(ReferencePipeline.java:682)
	at Sidebar.guidesABCSort(Sidebar.java:23)
	at java.base/java.lang.reflect.Method.invoke(Method.java:569)
	at java.base/java.util.concurrent.RecursiveAction.exec(RecursiveAction.java:194)
	at java.base/java.util.concurrent.ForkJoinTask.doExec(ForkJoinTask.java:373)
	at java.base/java.util.concurrent.ForkJoinTask.awaitDone(ForkJoinTask.java:436)
	at java.base/java.util.concurrent.ForkJoinTask.join(ForkJoinTask.java:670)
	at java.base/java.util.concurrent.RecursiveAction.exec(RecursiveAction.java:194)
	at java.base/java.util.concurrent.ForkJoinTask.doExec(ForkJoinTask.java:373)
	at java.base/java.util.concurrent.ForkJoinPool$WorkQueue.topLevelExec(ForkJoinPool.java:1182)
	at java.base/java.util.concurrent.ForkJoinPool.scan(ForkJoinPool.java:1655)
	at java.base/java.util.concurrent.ForkJoinPool.runWorker(ForkJoinPool.java:1622)
	at java.base/java.util.concurrent.ForkJoinWorkerThread.run(ForkJoinWorkerThread.java:165)
	Suppressed: com.microsoft.playwright.PlaywrightException: Playwright connection closed
		at com.microsoft.playwright.impl.PipeTransport.send(PipeTransport.java:50)
		at com.microsoft.playwright.impl.Connection.internalSendMessage(Connection.java:168)
		at com.microsoft.playwright.impl.Connection.sendMessageAsync(Connection.java:134)
		at com.microsoft.playwright.impl.Connection.sendMessage(Connection.java:130)
		at com.microsoft.playwright.impl.ChannelOwner.sendMessage(ChannelOwner.java:106)
		at com.microsoft.playwright.impl.TracingImpl.stopChunkImpl(TracingImpl.java:58)
		at com.microsoft.playwright.impl.TracingImpl.stop(TracingImpl.java:124)
		at Base.closeContext(Base.java:45)
		... 11 more
]]></error>
  </testcase>
  <testcase name="checkTitlesGettingStarted" classname="Sidebar" time="0.003">
    <error message="Playwright connection closed" type="com.microsoft.playwright.PlaywrightException"><![CDATA[com.microsoft.playwright.PlaywrightException: Playwright connection closed
	at com.microsoft.playwright.impl.PipeTransport.send(PipeTransport.java:50)
	at com.microsoft.playwright.impl.Connection.internalSendMessage(Connection.java:168)
	at com.microsoft.playwright.impl.Connection.sendMessageAsync(Connection.java:134)
	at com.microsoft.playwright.impl.Connection.sendMessage(Connection.java:130)
	at com.microsoft.playwright.impl.ChannelOwner.sendMessage(ChannelOwner.java:106)
	at com.microsoft.playwright.impl.BrowserImpl.newContextImpl(BrowserImpl.java:215)
	at com.microsoft.playwright.impl.BrowserImpl.lambda$newContext$1(BrowserImpl.java:120)
	at com.microsoft.playwright.impl.LoggingSupport.withLogging(LoggingSupport.java:47)
	at com.microsoft.playwright.impl.ChannelOwner.withLogging(ChannelOwner.java:89)
	at com.microsoft.playwright.impl.BrowserImpl.newContext(BrowserImpl.java:120)
	at com.microsoft.playwright.impl.BrowserImpl.newContext(BrowserImpl.java:37)
	at com.microsoft.playwright.Browser.newContext(Browser.java:1254)
	at Base.createContextAndPage(Base.java:32)
	at java.base/java.lang.reflect.Method.invoke(Method.java:569)
	at java.base/java.util.concurrent.RecursiveAction.exec(RecursiveAction.java:194)
	at java.base/java.util.concurrent.ForkJoinTask.doExec(ForkJoinTask.java:373)
	at java.base/java.util.concurrent.ForkJoinTask.awaitDone(ForkJoinTask.java:436)
	at java.base/java.util.concurrent.ForkJoinTask.join(ForkJoinTask.java:670)
	at java.base/java.util.concurrent.RecursiveAction.exec(RecursiveAction.java:194)
	at java.base/java.util.concurrent.ForkJoinTask.doExec(ForkJoinTask.java:373)
	at java.base/java.util.concurrent.ForkJoinPool$WorkQueue.topLevelExec(ForkJoinPool.java:1182)
	at java.base/java.util.concurrent.ForkJoinPool.scan(ForkJoinPool.java:1655)
	at java.base/java.util.concurrent.ForkJoinPool.runWorker(ForkJoinPool.java:1622)
	at java.base/java.util.concurrent.ForkJoinWorkerThread.run(ForkJoinWorkerThread.java:165)
	Suppressed: java.lang.NullPointerException: Cannot invoke "com.microsoft.playwright.BrowserContext.tracing()" because "this.context" is null
		at Base.closeContext(Base.java:45)
		... 11 more
]]></error>
  </testcase>
</testsuite>