<?xml version="1.0" encoding="UTF-8"?>
<testsuite xmlns:xsi="http://www.w3.org/2001/XMLSchema-instance" xsi:noNamespaceSchemaLocation="https://maven.apache.org/surefire/maven-surefire-plugin/xsd/surefire-test-report.xsd" version="3.0.1" name="Devices" time="0.864" tests="1" errors="1" skipped="0" failures="0">
  <properties>
    <property name="java.specification.version" value="17"/>
    <property name="sun.jnu.encoding" value="UTF-8"/>
    <property name="java.class.path" value="/home/runner/work/playwright-with-features-example/playwright-with-features-example/target/test-classes:/home/runner/work/playwright-with-features-example/playwright-with-features-example/target/classes:/home/runner/.m2/repository/com/microsoft/playwright/playwright/1.42.0/playwright-1.42.0.jar:/home/runner/.m2/repository/com/google/code/gson/gson/2.10.1/gson-2.10.1.jar:/home/runner/.m2/repository/org/opentest4j/opentest4j/1.3.0/opentest4j-1.3.0.jar:/home/runner/.m2/repository/com/microsoft/playwright/driver/1.42.0/driver-1.42.0.jar:/home/runner/.m2/repository/com/microsoft/playwright/driver-bundle/1.42.0/driver-bundle-1.42.0.jar:/home/runner/.m2/repository/org/junit/jupiter/junit-jupiter/5.11.0-M1/junit-jupiter-5.11.0-M1.jar:/home/runner/.m2/repository/org/junit/jupiter/junit-jupiter-api/5.11.0-M1/junit-jupiter-api-5.11.0-M1.jar:/home/runner/.m2/repository/org/junit/platform/junit-platform-commons/1.11.0-M1/junit-platform-commons-1.11.0-M1.jar:/home/runner/.m2/repository/org/apiguardian/apiguardian-api/1.1.2/apiguardian-api-1.1.2.jar:/home/runner/.m2/repository/org/junit/jupiter/junit-jupiter-params/5.11.0-M1/junit-jupiter-params-5.11.0-M1.jar:/home/runner/.m2/repository/org/junit/jupiter/junit-jupiter-engine/5.11.0-M1/junit-jupiter-engine-5.11.0-M1.jar:/home/runner/.m2/repository/org/junit/platform/junit-platform-engine/1.11.0-M1/junit-platform-engine-1.11.0-M1.jar:"/>
    <property name="java.vm.vendor" value="Eclipse Adoptium"/>
    <property name="sun.arch.data.model" value="64"/>
    <property name="java.vendor.url" value="https://adoptium.net/"/>
    <property name="user.timezone" value="Etc/UTC"/>
    <property name="os.name" value="Linux"/>
    <property name="java.vm.specification.version" value="17"/>
    <property name="sun.java.launcher" value="SUN_STANDARD"/>
    <property name="sun.boot.library.path" value="/usr/lib/jvm/temurin-17-jdk-amd64/lib"/>
    <property name="sun.java.command" value="/home/runner/work/playwright-with-features-example/playwright-with-features-example/target/surefire/surefirebooter-20240827080759287_3.jar /home/runner/work/playwright-with-features-example/playwright-with-features-example/target/surefire 2024-08-27T08-07-59_091-jvmRun1 surefire-20240827080759287_1tmp surefire_0-20240827080759287_2tmp"/>
    <property name="jdk.debug" value="release"/>
    <property name="surefire.test.class.path" value="/home/runner/work/playwright-with-features-example/playwright-with-features-example/target/test-classes:/home/runner/work/playwright-with-features-example/playwright-with-features-example/target/classes:/home/runner/.m2/repository/com/microsoft/playwright/playwright/1.42.0/playwright-1.42.0.jar:/home/runner/.m2/repository/com/google/code/gson/gson/2.10.1/gson-2.10.1.jar:/home/runner/.m2/repository/org/opentest4j/opentest4j/1.3.0/opentest4j-1.3.0.jar:/home/runner/.m2/repository/com/microsoft/playwright/driver/1.42.0/driver-1.42.0.jar:/home/runner/.m2/repository/com/microsoft/playwright/driver-bundle/1.42.0/driver-bundle-1.42.0.jar:/home/runner/.m2/repository/org/junit/jupiter/junit-jupiter/5.11.0-M1/junit-jupiter-5.11.0-M1.jar:/home/runner/.m2/repository/org/junit/jupiter/junit-jupiter-api/5.11.0-M1/junit-jupiter-api-5.11.0-M1.jar:/home/runner/.m2/repository/org/junit/platform/junit-platform-commons/1.11.0-M1/junit-platform-commons-1.11.0-M1.jar:/home/runner/.m2/repository/org/apiguardian/apiguardian-api/1.1.2/apiguardian-api-1.1.2.jar:/home/runner/.m2/repository/org/junit/jupiter/junit-jupiter-params/5.11.0-M1/junit-jupiter-params-5.11.0-M1.jar:/home/runner/.m2/repository/org/junit/jupiter/junit-jupiter-engine/5.11.0-M1/junit-jupiter-engine-5.11.0-M1.jar:/home/runner/.m2/repository/org/junit/platform/junit-platform-engine/1.11.0-M1/junit-platform-engine-1.11.0-M1.jar:"/>
    <property name="sun.cpu.endian" value="little"/>
    <property name="user.home" value="/home/runner"/>
    <property name="user.language" value="en"/>
    <property name="java.specification.vendor" value="Oracle Corporation"/>
    <property name="java.version.date" value="2024-07-16"/>
    <property name="java.home" value="/usr/lib/jvm/temurin-17-jdk-amd64"/>
    <property name="file.separator" value="/"/>
    <property name="basedir" value="/home/runner/work/playwright-with-features-example/playwright-with-features-example"/>
    <property name="java.vm.compressedOopsMode" value="Zero based"/>
    <property name="line.separator" value="&#10;"/>
    <property name="java.vm.specification.vendor" value="Oracle Corporation"/>
    <property name="java.specification.name" value="Java Platform API Specification"/>
    <property name="surefire.real.class.path" value="/home/runner/work/playwright-with-features-example/playwright-with-features-example/target/surefire/surefirebooter-20240827080759287_3.jar"/>
    <property name="sun.management.compiler" value="HotSpot 64-Bit Tiered Compilers"/>
    <property name="java.runtime.version" value="17.0.12+7"/>
    <property name="user.name" value="runner"/>
    <property name="path.separator" value=":"/>
    <property name="os.version" value="6.5.0-1025-azure"/>
    <property name="java.runtime.name" value="OpenJDK Runtime Environment"/>
    <property name="file.encoding" value="UTF-8"/>
    <property name="java.vm.name" value="OpenJDK 64-Bit Server VM"/>
    <property name="java.vendor.version" value="Temurin-17.0.12+7"/>
    <property name="localRepository" value="/home/runner/.m2/repository"/>
    <property name="java.vendor.url.bug" value="https://github.com/adoptium/adoptium-support/issues"/>
    <property name="java.io.tmpdir" value="/tmp"/>
    <property name="java.version" value="17.0.12"/>
    <property name="user.dir" value="/home/runner/work/playwright-with-features-example/playwright-with-features-example"/>
    <property name="os.arch" value="amd64"/>
    <property name="java.vm.specification.name" value="Java Virtual Machine Specification"/>
    <property name="native.encoding" value="UTF-8"/>
    <property name="java.library.path" value="/usr/java/packages/lib:/usr/lib64:/lib64:/lib:/usr/lib"/>
    <property name="java.vm.info" value="mixed mode, sharing"/>
    <property name="java.vendor" value="Eclipse Adoptium"/>
    <property name="java.vm.version" value="17.0.12+7"/>
    <property name="sun.io.unicode.encoding" value="UnicodeLittle"/>
    <property name="java.class.version" value="61.0"/>
  </properties>
  <testcase name="" classname="Devices" time="0.864">
    <error message="Error {&#10;  message=&apos;&#10;╔══════════════════════════════════════════════════════╗&#10;║ Host system is missing dependencies to run browsers. ║&#10;║ Missing libraries:                                   ║&#10;║     libwoff2dec.so.1.0.2                             ║&#10;║     libvpx.so.7                                      ║&#10;║     libevent-2.1.so.7                                ║&#10;║     libopus.so.0                                     ║&#10;║     libharfbuzz-icu.so.0                             ║&#10;║     libgstallocators-1.0.so.0                        ║&#10;║     libgstapp-1.0.so.0                               ║&#10;║     libgstpbutils-1.0.so.0                           ║&#10;║     libgstaudio-1.0.so.0                             ║&#10;║     libgsttag-1.0.so.0                               ║&#10;║     libgstvideo-1.0.so.0                             ║&#10;║     libgstgl-1.0.so.0                                ║&#10;║     libgstcodecparsers-1.0.so.0                      ║&#10;║     libgstfft-1.0.so.0                               ║&#10;║     libhyphen.so.0                                   ║&#10;║     libmanette-0.2.so.0                              ║&#10;║     libflite.so.1                                    ║&#10;║     libflite_usenglish.so.1                          ║&#10;║     libflite_cmu_grapheme_lang.so.1                  ║&#10;║     libflite_cmu_grapheme_lex.so.1                   ║&#10;║     libflite_cmu_indic_lang.so.1                     ║&#10;║     libflite_cmu_indic_lex.so.1                      ║&#10;║     libflite_cmulex.so.1                             ║&#10;║     libflite_cmu_time_awb.so.1                       ║&#10;║     libflite_cmu_us_awb.so.1                         ║&#10;║     libflite_cmu_us_kal16.so.1                       ║&#10;║     libflite_cmu_us_kal.so.1                         ║&#10;║     libflite_cmu_us_rms.so.1                         ║&#10;║     libflite_cmu_us_slt.so.1                         ║&#10;║     libGLESv2.so.2                                   ║&#10;║     libx264.so                                       ║&#10;╚══════════════════════════════════════════════════════╝&#10;  name=&apos;Error&#10;  stack=&apos;Error: &#10;╔══════════════════════════════════════════════════════╗&#10;║ Host system is missing dependencies to run browsers. ║&#10;║ Missing libraries:                                   ║&#10;║     libwoff2dec.so.1.0.2                             ║&#10;║     libvpx.so.7                                      ║&#10;║     libevent-2.1.so.7                                ║&#10;║     libopus.so.0                                     ║&#10;║     libharfbuzz-icu.so.0                             ║&#10;║     libgstallocators-1.0.so.0                        ║&#10;║     libgstapp-1.0.so.0                               ║&#10;║     libgstpbutils-1.0.so.0                           ║&#10;║     libgstaudio-1.0.so.0                             ║&#10;║     libgsttag-1.0.so.0                               ║&#10;║     libgstvideo-1.0.so.0                             ║&#10;║     libgstgl-1.0.so.0                                ║&#10;║     libgstcodecparsers-1.0.so.0                      ║&#10;║     libgstfft-1.0.so.0                               ║&#10;║     libhyphen.so.0                                   ║&#10;║     libmanette-0.2.so.0                              ║&#10;║     libflite.so.1                                    ║&#10;║     libflite_usenglish.so.1                          ║&#10;║     libflite_cmu_grapheme_lang.so.1                  ║&#10;║     libflite_cmu_grapheme_lex.so.1                   ║&#10;║     libflite_cmu_indic_lang.so.1                     ║&#10;║     libflite_cmu_indic_lex.so.1                      ║&#10;║     libflite_cmulex.so.1                             ║&#10;║     libflite_cmu_time_awb.so.1                       ║&#10;║     libflite_cmu_us_awb.so.1                         ║&#10;║     libflite_cmu_us_kal16.so.1                       ║&#10;║     libflite_cmu_us_kal.so.1                         ║&#10;║     libflite_cmu_us_rms.so.1                         ║&#10;║     libflite_cmu_us_slt.so.1                         ║&#10;║     libGLESv2.so.2                                   ║&#10;║     libx264.so                                       ║&#10;╚══════════════════════════════════════════════════════╝&#10;    at validateDependenciesLinux (/tmp/playwright-java-10903417830961600950/package/lib/server/registry/dependencies.js:216:9)&#10;    at process.processTicksAndRejections (node:internal/process/task_queues:95:5)&#10;    at async Registry._validateHostRequirements (/tmp/playwright-java-10903417830961600950/package/lib/server/registry/index.js:627:43)&#10;    at async Registry._validateHostRequirementsForExecutableIfNeeded (/tmp/playwright-java-10903417830961600950/package/lib/server/registry/index.js:725:7)&#10;    at async Registry.validateHostRequirementsForExecutablesIfNeeded (/tmp/playwright-java-10903417830961600950/package/lib/server/registry/index.js:714:43)&#10;    at async WebKit._launchProcess (/tmp/playwright-java-10903417830961600950/package/lib/server/browserType.js:167:7)&#10;    at async WebKit._innerLaunch (/tmp/playwright-java-10903417830961600950/package/lib/server/browserType.js:103:9)&#10;    at async WebKit._innerLaunchWithRetries (/tmp/playwright-java-10903417830961600950/package/lib/server/browserType.js:84:14)&#10;    at async ProgressController.run (/tmp/playwright-java-10903417830961600950/package/lib/server/progress.js:82:22)&#10;    at async WebKit.launch (/tmp/playwright-java-10903417830961600950/package/lib/server/browserType.js:61:21)&#10;}" type="com.microsoft.playwright.PlaywrightException"><![CDATA[com.microsoft.playwright.PlaywrightException: 
Error {
  message='
╔══════════════════════════════════════════════════════╗
║ Host system is missing dependencies to run browsers. ║
║ Missing libraries:                                   ║
║     libwoff2dec.so.1.0.2                             ║
║     libvpx.so.7                                      ║
║     libevent-2.1.so.7                                ║
║     libopus.so.0                                     ║
║     libharfbuzz-icu.so.0                             ║
║     libgstallocators-1.0.so.0                        ║
║     libgstapp-1.0.so.0                               ║
║     libgstpbutils-1.0.so.0                           ║
║     libgstaudio-1.0.so.0                             ║
║     libgsttag-1.0.so.0                               ║
║     libgstvideo-1.0.so.0                             ║
║     libgstgl-1.0.so.0                                ║
║     libgstcodecparsers-1.0.so.0                      ║
║     libgstfft-1.0.so.0                               ║
║     libhyphen.so.0                                   ║
║     libmanette-0.2.so.0                              ║
║     libflite.so.1                                    ║
║     libflite_usenglish.so.1                          ║
║     libflite_cmu_grapheme_lang.so.1                  ║
║     libflite_cmu_grapheme_lex.so.1                   ║
║     libflite_cmu_indic_lang.so.1                     ║
║     libflite_cmu_indic_lex.so.1                      ║
║     libflite_cmulex.so.1                             ║
║     libflite_cmu_time_awb.so.1                       ║
║     libflite_cmu_us_awb.so.1                         ║
║     libflite_cmu_us_kal16.so.1                       ║
║     libflite_cmu_us_kal.so.1                         ║
║     libflite_cmu_us_rms.so.1                         ║
║     libflite_cmu_us_slt.so.1                         ║
║     libGLESv2.so.2                                   ║
║     libx264.so                                       ║
╚══════════════════════════════════════════════════════╝
  name='Error
  stack='Error: 
╔══════════════════════════════════════════════════════╗
║ Host system is missing dependencies to run browsers. ║
║ Missing libraries:                                   ║
║     libwoff2dec.so.1.0.2                             ║
║     libvpx.so.7                                      ║
║     libevent-2.1.so.7                                ║
║     libopus.so.0                                     ║
║     libharfbuzz-icu.so.0                             ║
║     libgstallocators-1.0.so.0                        ║
║     libgstapp-1.0.so.0                               ║
║     libgstpbutils-1.0.so.0                           ║
║     libgstaudio-1.0.so.0                             ║
║     libgsttag-1.0.so.0                               ║
║     libgstvideo-1.0.so.0                             ║
║     libgstgl-1.0.so.0                                ║
║     libgstcodecparsers-1.0.so.0                      ║
║     libgstfft-1.0.so.0                               ║
║     libhyphen.so.0                                   ║
║     libmanette-0.2.so.0                              ║
║     libflite.so.1                                    ║
║     libflite_usenglish.so.1                          ║
║     libflite_cmu_grapheme_lang.so.1                  ║
║     libflite_cmu_grapheme_lex.so.1                   ║
║     libflite_cmu_indic_lang.so.1                     ║
║     libflite_cmu_indic_lex.so.1                      ║
║     libflite_cmulex.so.1                             ║
║     libflite_cmu_time_awb.so.1                       ║
║     libflite_cmu_us_awb.so.1                         ║
║     libflite_cmu_us_kal16.so.1                       ║
║     libflite_cmu_us_kal.so.1                         ║
║     libflite_cmu_us_rms.so.1                         ║
║     libflite_cmu_us_slt.so.1                         ║
║     libGLESv2.so.2                                   ║
║     libx264.so                                       ║
╚══════════════════════════════════════════════════════╝
    at validateDependenciesLinux (/tmp/playwright-java-10903417830961600950/package/lib/server/registry/dependencies.js:216:9)
    at process.processTicksAndRejections (node:internal/process/task_queues:95:5)
    at async Registry._validateHostRequirements (/tmp/playwright-java-10903417830961600950/package/lib/server/registry/index.js:627:43)
    at async Registry._validateHostRequirementsForExecutableIfNeeded (/tmp/playwright-java-10903417830961600950/package/lib/server/registry/index.js:725:7)
    at async Registry.validateHostRequirementsForExecutablesIfNeeded (/tmp/playwright-java-10903417830961600950/package/lib/server/registry/index.js:714:43)
    at async WebKit._launchProcess (/tmp/playwright-java-10903417830961600950/package/lib/server/browserType.js:167:7)
    at async WebKit._innerLaunch (/tmp/playwright-java-10903417830961600950/package/lib/server/browserType.js:103:9)
    at async WebKit._innerLaunchWithRetries (/tmp/playwright-java-10903417830961600950/package/lib/server/browserType.js:84:14)
    at async ProgressController.run (/tmp/playwright-java-10903417830961600950/package/lib/server/progress.js:82:22)
    at async WebKit.launch (/tmp/playwright-java-10903417830961600950/package/lib/server/browserType.js:61:21)
}
	at com.microsoft.playwright.impl.WaitableResult.get(WaitableResult.java:54)
	at com.microsoft.playwright.impl.ChannelOwner.runUntil(ChannelOwner.java:120)
	at com.microsoft.playwright.impl.Connection.sendMessage(Connection.java:130)
	at com.microsoft.playwright.impl.ChannelOwner.sendMessage(ChannelOwner.java:106)
	at com.microsoft.playwright.impl.BrowserTypeImpl.launchImpl(BrowserTypeImpl.java:50)
	at com.microsoft.playwright.impl.BrowserTypeImpl.lambda$launch$0(BrowserTypeImpl.java:42)
	at com.microsoft.playwright.impl.LoggingSupport.withLogging(LoggingSupport.java:47)
	at com.microsoft.playwright.impl.ChannelOwner.withLogging(ChannelOwner.java:89)
	at com.microsoft.playwright.impl.BrowserTypeImpl.launch(BrowserTypeImpl.java:42)
	at com.microsoft.playwright.impl.BrowserTypeImpl.launch(BrowserTypeImpl.java:35)
	at BaseDevices.launchBrowser(BaseDevices.java:21)
	at java.base/java.lang.reflect.Method.invoke(Method.java:569)
	at java.base/java.util.concurrent.RecursiveAction.exec(RecursiveAction.java:194)
	at java.base/java.util.concurrent.ForkJoinTask.doExec(ForkJoinTask.java:373)
	at java.base/java.util.concurrent.ForkJoinPool$WorkQueue.topLevelExec(ForkJoinPool.java:1182)
	at java.base/java.util.concurrent.ForkJoinPool.scan(ForkJoinPool.java:1655)
	at java.base/java.util.concurrent.ForkJoinPool.runWorker(ForkJoinPool.java:1622)
	at java.base/java.util.concurrent.ForkJoinWorkerThread.run(ForkJoinWorkerThread.java:165)
Caused by: com.microsoft.playwright.impl.DriverException: Error {
  message='
╔══════════════════════════════════════════════════════╗
║ Host system is missing dependencies to run browsers. ║
║ Missing libraries:                                   ║
║     libwoff2dec.so.1.0.2                             ║
║     libvpx.so.7                                      ║
║     libevent-2.1.so.7                                ║
║     libopus.so.0                                     ║
║     libharfbuzz-icu.so.0                             ║
║     libgstallocators-1.0.so.0                        ║
║     libgstapp-1.0.so.0                               ║
║     libgstpbutils-1.0.so.0                           ║
║     libgstaudio-1.0.so.0                             ║
║     libgsttag-1.0.so.0                               ║
║     libgstvideo-1.0.so.0                             ║
║     libgstgl-1.0.so.0                                ║
║     libgstcodecparsers-1.0.so.0                      ║
║     libgstfft-1.0.so.0                               ║
║     libhyphen.so.0                                   ║
║     libmanette-0.2.so.0                              ║
║     libflite.so.1                                    ║
║     libflite_usenglish.so.1                          ║
║     libflite_cmu_grapheme_lang.so.1                  ║
║     libflite_cmu_grapheme_lex.so.1                   ║
║     libflite_cmu_indic_lang.so.1                     ║
║     libflite_cmu_indic_lex.so.1                      ║
║     libflite_cmulex.so.1                             ║
║     libflite_cmu_time_awb.so.1                       ║
║     libflite_cmu_us_awb.so.1                         ║
║     libflite_cmu_us_kal16.so.1                       ║
║     libflite_cmu_us_kal.so.1                         ║
║     libflite_cmu_us_rms.so.1                         ║
║     libflite_cmu_us_slt.so.1                         ║
║     libGLESv2.so.2                                   ║
║     libx264.so                                       ║
╚══════════════════════════════════════════════════════╝
  name='Error
  stack='Error: 
╔══════════════════════════════════════════════════════╗
║ Host system is missing dependencies to run browsers. ║
║ Missing libraries:                                   ║
║     libwoff2dec.so.1.0.2                             ║
║     libvpx.so.7                                      ║
║     libevent-2.1.so.7                                ║
║     libopus.so.0                                     ║
║     libharfbuzz-icu.so.0                             ║
║     libgstallocators-1.0.so.0                        ║
║     libgstapp-1.0.so.0                               ║
║     libgstpbutils-1.0.so.0                           ║
║     libgstaudio-1.0.so.0                             ║
║     libgsttag-1.0.so.0                               ║
║     libgstvideo-1.0.so.0                             ║
║     libgstgl-1.0.so.0                                ║
║     libgstcodecparsers-1.0.so.0                      ║
║     libgstfft-1.0.so.0                               ║
║     libhyphen.so.0                                   ║
║     libmanette-0.2.so.0                              ║
║     libflite.so.1                                    ║
║     libflite_usenglish.so.1                          ║
║     libflite_cmu_grapheme_lang.so.1                  ║
║     libflite_cmu_grapheme_lex.so.1                   ║
║     libflite_cmu_indic_lang.so.1                     ║
║     libflite_cmu_indic_lex.so.1                      ║
║     libflite_cmulex.so.1                             ║
║     libflite_cmu_time_awb.so.1                       ║
║     libflite_cmu_us_awb.so.1                         ║
║     libflite_cmu_us_kal16.so.1                       ║
║     libflite_cmu_us_kal.so.1                         ║
║     libflite_cmu_us_rms.so.1                         ║
║     libflite_cmu_us_slt.so.1                         ║
║     libGLESv2.so.2                                   ║
║     libx264.so                                       ║
╚══════════════════════════════════════════════════════╝
    at validateDependenciesLinux (/tmp/playwright-java-10903417830961600950/package/lib/server/registry/dependencies.js:216:9)
    at process.processTicksAndRejections (node:internal/process/task_queues:95:5)
    at async Registry._validateHostRequirements (/tmp/playwright-java-10903417830961600950/package/lib/server/registry/index.js:627:43)
    at async Registry._validateHostRequirementsForExecutableIfNeeded (/tmp/playwright-java-10903417830961600950/package/lib/server/registry/index.js:725:7)
    at async Registry.validateHostRequirementsForExecutablesIfNeeded (/tmp/playwright-java-10903417830961600950/package/lib/server/registry/index.js:714:43)
    at async WebKit._launchProcess (/tmp/playwright-java-10903417830961600950/package/lib/server/browserType.js:167:7)
    at async WebKit._innerLaunch (/tmp/playwright-java-10903417830961600950/package/lib/server/browserType.js:103:9)
    at async WebKit._innerLaunchWithRetries (/tmp/playwright-java-10903417830961600950/package/lib/server/browserType.js:84:14)
    at async ProgressController.run (/tmp/playwright-java-10903417830961600950/package/lib/server/progress.js:82:22)
    at async WebKit.launch (/tmp/playwright-java-10903417830961600950/package/lib/server/browserType.js:61:21)
}
	at com.microsoft.playwright.impl.Connection.dispatch(Connection.java:259)
	at com.microsoft.playwright.impl.Connection.processOneMessage(Connection.java:211)
	at com.microsoft.playwright.impl.ChannelOwner.runUntil(ChannelOwner.java:118)
	... 16 more
]]></error>
  </testcase>
</testsuite>