<?xml version="1.0" encoding="UTF-8"?>
<testsuite xmlns:xsi="http://www.w3.org/2001/XMLSchema-instance" xsi:noNamespaceSchemaLocation="https://maven.apache.org/surefire/maven-surefire-plugin/xsd/surefire-test-report.xsd" version="3.0.1" name="ParallelAndIsolation" time="10.984" tests="4" errors="2" skipped="0" failures="0">
  <properties>
[...]
</properties>
  <testcase name="goToParallel(Page)" classname="ParallelAndIsolation" time="6.153">
    <error message="Failed to resolve parameter [com.microsoft.playwright.Page arg0] in method [public void ParallelAndIsolation.goToParallel(com.microsoft.playwright.Page)]: Error {&#10;  message=&apos;Target page, context or browser has been closed&#10;Browser logs:&#10;&#10;╔════════════════════════════════════════════════════════════════════════════════════════════════╗&#10;║ Looks like you launched a headed browser without having a XServer running.                     ║&#10;║ Set either &apos;headless: true&apos; or use &apos;xvfb-run &lt;your-playwright-app&gt;&apos; before running Playwright. ║&#10;║                                                                                                ║&#10;║ &lt;3 Playwright Team                                                                             ║&#10;╚════════════════════════════════════════════════════════════════════════════════════════════════╝&#10;  name=&apos;TargetClosedError&#10;  stack=&apos;TargetClosedError: Target page, context or browser has been closed&#10;Browser logs:&#10;&#10;╔════════════════════════════════════════════════════════════════════════════════════════════════╗&#10;║ Looks like you launched a headed browser without having a XServer running.                     ║&#10;║ Set either &apos;headless: true&apos; or use &apos;xvfb-run &lt;your-playwright-app&gt;&apos; before running Playwright. ║&#10;║                                                                                                ║&#10;║ &lt;3 Playwright Team                                                                             ║&#10;╚════════════════════════════════════════════════════════════════════════════════════════════════╝&#10;    at DispatcherConnection.dispatch (/tmp/playwright-java-15479304313226273932/package/lib/server/dispatchers/dispatcher.js:379:15)&#10;}&#10;Call log:&#10;- &lt;launching&gt; /home/runner/.cache/ms-playwright/chromium-1105/chrome-linux/chrome --disable-field-trial-config --disable-background-networking --enable-features=NetworkService,NetworkServiceInProcess --disable-background-timer-throttling --disable-backgrounding-occluded-windows --disable-back-forward-cache --disable-breakpad --disable-client-side-phishing-detection --disable-component-extensions-with-background-pages --disable-component-update --no-default-browser-check --disable-default-apps --disable-dev-shm-usage --disable-extensions --disable-features=ImprovedCookieControls,LazyFrameLoading,GlobalMediaControls,DestroyProfileOnBrowserClose,MediaRouter,DialMediaRouteProvider,AcceptCHFrame,AutoExpandDetailsElement,CertificateTransparencyComponentUpdater,AvoidUnnecessaryBeforeUnloadCheckSync,Translate,HttpsUpgrades,PaintHolding --allow-pre-commit-input --disable-hang-monitor --disable-ipc-flooding-protection --disable-popup-blocking --disable-prompt-on-repost --disable-renderer-backgrounding --force-color-profile=srgb --metrics-recording-only --no-first-run --enable-automation --password-store=basic --use-mock-keychain --no-service-autorun --export-tagged-pdf --disable-search-engine-choice-screen --no-sandbox --user-data-dir=/tmp/playwright_chromiumdev_profile-2GunPc --remote-debugging-pipe --no-startup-window&#10;- &lt;launched&gt; pid=3199&#10;- [pid=3199][err] [3199:3199:0827/082315.190795:ERROR:ozone_platform_x11.cc(243)] Missing X server or $DISPLAY&#10;- [pid=3199][err] [3199:3199:0827/082315.190833:ERROR:env.cc(257)] The platform failed to initialize.  Exiting.&#10;" type="org.junit.jupiter.api.extension.ParameterResolutionException"><![CDATA[org.junit.jupiter.api.extension.ParameterResolutionException: 
Failed to resolve parameter [com.microsoft.playwright.Page arg0] in method [public void ParallelAndIsolation.goToParallel(com.microsoft.playwright.Page)]: Error {
  message='Target page, context or browser has been closed
Browser logs:

╔════════════════════════════════════════════════════════════════════════════════════════════════╗
║ Looks like you launched a headed browser without having a XServer running.                     ║
║ Set either 'headless: true' or use 'xvfb-run <your-playwright-app>' before running Playwright. ║
║                                                                                                ║
║ <3 Playwright Team                                                                             ║
╚════════════════════════════════════════════════════════════════════════════════════════════════╝
  name='TargetClosedError
  stack='TargetClosedError: Target page, context or browser has been closed
Browser logs:

╔════════════════════════════════════════════════════════════════════════════════════════════════╗
║ Looks like you launched a headed browser without having a XServer running.                     ║
║ Set either 'headless: true' or use 'xvfb-run <your-playwright-app>' before running Playwright. ║
║                                                                                                ║
║ <3 Playwright Team                                                                             ║
╚════════════════════════════════════════════════════════════════════════════════════════════════╝
    at DispatcherConnection.dispatch (/tmp/playwright-java-15479304313226273932/package/lib/server/dispatchers/dispatcher.js:379:15)
}
Call log:
- <launching> /home/runner/.cache/ms-playwright/chromium-1105/chrome-linux/chrome --disable-field-trial-config --disable-background-networking --enable-features=NetworkService,NetworkServiceInProcess --disable-background-timer-throttling --disable-backgrounding-occluded-windows --disable-back-forward-cache --disable-breakpad --disable-client-side-phishing-detection --disable-component-extensions-with-background-pages --disable-component-update --no-default-browser-check --disable-default-apps --disable-dev-shm-usage --disable-extensions --disable-features=ImprovedCookieControls,LazyFrameLoading,GlobalMediaControls,DestroyProfileOnBrowserClose,MediaRouter,DialMediaRouteProvider,AcceptCHFrame,AutoExpandDetailsElement,CertificateTransparencyComponentUpdater,AvoidUnnecessaryBeforeUnloadCheckSync,Translate,HttpsUpgrades,PaintHolding --allow-pre-commit-input --disable-hang-monitor --disable-ipc-flooding-protection --disable-popup-blocking --disable-prompt-on-repost --disable-renderer-backgrounding --force-color-profile=srgb --metrics-recording-only --no-first-run --enable-automation --password-store=basic --use-mock-keychain --no-service-autorun --export-tagged-pdf --disable-search-engine-choice-screen --no-sandbox --user-data-dir=/tmp/playwright_chromiumdev_profile-2GunPc --remote-debugging-pipe --no-startup-window
- <launched> pid=3199
- [pid=3199][err] [3199:3199:0827/082315.190795:ERROR:ozone_platform_x11.cc(243)] Missing X server or $DISPLAY
- [pid=3199][err] [3199:3199:0827/082315.190833:ERROR:env.cc(257)] The platform failed to initialize.  Exiting.

	at java.base/java.util.concurrent.RecursiveAction.exec(RecursiveAction.java:194)
	at java.base/java.util.concurrent.ForkJoinTask.doExec(ForkJoinTask.java:373)
	at java.base/java.util.concurrent.ForkJoinTask.awaitDone(ForkJoinTask.java:436)
	at java.base/java.util.concurrent.ForkJoinTask.join(ForkJoinTask.java:670)
	at java.base/java.util.concurrent.RecursiveAction.exec(RecursiveAction.java:194)
	at java.base/java.util.concurrent.ForkJoinTask.doExec(ForkJoinTask.java:373)
	at java.base/java.util.concurrent.ForkJoinTask.awaitDone(ForkJoinTask.java:436)
	at java.base/java.util.concurrent.ForkJoinTask.join(ForkJoinTask.java:670)
	at java.base/java.util.concurrent.RecursiveAction.exec(RecursiveAction.java:194)
	at java.base/java.util.concurrent.ForkJoinTask.doExec(ForkJoinTask.java:373)
	at java.base/java.util.concurrent.ForkJoinPool$WorkQueue.topLevelExec(ForkJoinPool.java:1182)
	at java.base/java.util.concurrent.ForkJoinPool.scan(ForkJoinPool.java:1655)
	at java.base/java.util.concurrent.ForkJoinPool.runWorker(ForkJoinPool.java:1622)
	at java.base/java.util.concurrent.ForkJoinWorkerThread.run(ForkJoinWorkerThread.java:165)
Caused by: com.microsoft.playwright.PlaywrightException: Error {
  message='Target page, context or browser has been closed
Browser logs:

╔════════════════════════════════════════════════════════════════════════════════════════════════╗
║ Looks like you launched a headed browser without having a XServer running.                     ║
║ Set either 'headless: true' or use 'xvfb-run <your-playwright-app>' before running Playwright. ║
║                                                                                                ║
║ <3 Playwright Team                                                                             ║
╚════════════════════════════════════════════════════════════════════════════════════════════════╝
  name='TargetClosedError
  stack='TargetClosedError: Target page, context or browser has been closed
Browser logs:

╔════════════════════════════════════════════════════════════════════════════════════════════════╗
║ Looks like you launched a headed browser without having a XServer running.                     ║
║ Set either 'headless: true' or use 'xvfb-run <your-playwright-app>' before running Playwright. ║
║                                                                                                ║
║ <3 Playwright Team                                                                             ║
╚════════════════════════════════════════════════════════════════════════════════════════════════╝
    at DispatcherConnection.dispatch (/tmp/playwright-java-15479304313226273932/package/lib/server/dispatchers/dispatcher.js:379:15)
}
Call log:
- <launching> /home/runner/.cache/ms-playwright/chromium-1105/chrome-linux/chrome --disable-field-trial-config --disable-background-networking --enable-features=NetworkService,NetworkServiceInProcess --disable-background-timer-throttling --disable-backgrounding-occluded-windows --disable-back-forward-cache --disable-breakpad --disable-client-side-phishing-detection --disable-component-extensions-with-background-pages --disable-component-update --no-default-browser-check --disable-default-apps --disable-dev-shm-usage --disable-extensions --disable-features=ImprovedCookieControls,LazyFrameLoading,GlobalMediaControls,DestroyProfileOnBrowserClose,MediaRouter,DialMediaRouteProvider,AcceptCHFrame,AutoExpandDetailsElement,CertificateTransparencyComponentUpdater,AvoidUnnecessaryBeforeUnloadCheckSync,Translate,HttpsUpgrades,PaintHolding --allow-pre-commit-input --disable-hang-monitor --disable-ipc-flooding-protection --disable-popup-blocking --disable-prompt-on-repost --disable-renderer-backgrounding --force-color-profile=srgb --metrics-recording-only --no-first-run --enable-automation --password-store=basic --use-mock-keychain --no-service-autorun --export-tagged-pdf --disable-search-engine-choice-screen --no-sandbox --user-data-dir=/tmp/playwright_chromiumdev_profile-2GunPc --remote-debugging-pipe --no-startup-window
- <launched> pid=3199
- [pid=3199][err] [3199:3199:0827/082315.190795:ERROR:ozone_platform_x11.cc(243)] Missing X server or $DISPLAY
- [pid=3199][err] [3199:3199:0827/082315.190833:ERROR:env.cc(257)] The platform failed to initialize.  Exiting.

	at com.microsoft.playwright.impl.WaitableResult.get(WaitableResult.java:54)
	at com.microsoft.playwright.impl.ChannelOwner.runUntil(ChannelOwner.java:120)
	at com.microsoft.playwright.impl.Connection.sendMessage(Connection.java:130)
	at com.microsoft.playwright.impl.ChannelOwner.sendMessage(ChannelOwner.java:106)
	at com.microsoft.playwright.impl.BrowserTypeImpl.launchImpl(BrowserTypeImpl.java:50)
	at com.microsoft.playwright.impl.BrowserTypeImpl.lambda$launch$0(BrowserTypeImpl.java:42)
	at com.microsoft.playwright.impl.LoggingSupport.withLogging(LoggingSupport.java:47)
	at com.microsoft.playwright.impl.ChannelOwner.withLogging(ChannelOwner.java:89)
	at com.microsoft.playwright.impl.BrowserTypeImpl.launch(BrowserTypeImpl.java:42)
	at com.microsoft.playwright.impl.BrowserTypeImpl.launch(BrowserTypeImpl.java:35)
	at com.microsoft.playwright.junit.impl.BrowserExtension.getOrCreateBrowser(BrowserExtension.java:69)
	at com.microsoft.playwright.junit.impl.BrowserContextExtension.getOrCreateBrowserContext(BrowserContextExtension.java:60)
	at com.microsoft.playwright.junit.impl.PageExtension.getOrCreatePage(PageExtension.java:54)
	at com.microsoft.playwright.junit.impl.PageExtension.resolveParameter(PageExtension.java:45)
	... 14 more
Caused by: com.microsoft.playwright.impl.TargetClosedError: Error {
  message='Target page, context or browser has been closed
Browser logs:

╔════════════════════════════════════════════════════════════════════════════════════════════════╗
║ Looks like you launched a headed browser without having a XServer running.                     ║
║ Set either 'headless: true' or use 'xvfb-run <your-playwright-app>' before running Playwright. ║
║                                                                                                ║
║ <3 Playwright Team                                                                             ║
╚════════════════════════════════════════════════════════════════════════════════════════════════╝
  name='TargetClosedError
  stack='TargetClosedError: Target page, context or browser has been closed
Browser logs:

╔════════════════════════════════════════════════════════════════════════════════════════════════╗
║ Looks like you launched a headed browser without having a XServer running.                     ║
║ Set either 'headless: true' or use 'xvfb-run <your-playwright-app>' before running Playwright. ║
║                                                                                                ║
║ <3 Playwright Team                                                                             ║
╚════════════════════════════════════════════════════════════════════════════════════════════════╝
    at DispatcherConnection.dispatch (/tmp/playwright-java-15479304313226273932/package/lib/server/dispatchers/dispatcher.js:379:15)
}
Call log:
- <launching> /home/runner/.cache/ms-playwright/chromium-1105/chrome-linux/chrome --disable-field-trial-config --disable-background-networking --enable-features=NetworkService,NetworkServiceInProcess --disable-background-timer-throttling --disable-backgrounding-occluded-windows --disable-back-forward-cache --disable-breakpad --disable-client-side-phishing-detection --disable-component-extensions-with-background-pages --disable-component-update --no-default-browser-check --disable-default-apps --disable-dev-shm-usage --disable-extensions --disable-features=ImprovedCookieControls,LazyFrameLoading,GlobalMediaControls,DestroyProfileOnBrowserClose,MediaRouter,DialMediaRouteProvider,AcceptCHFrame,AutoExpandDetailsElement,CertificateTransparencyComponentUpdater,AvoidUnnecessaryBeforeUnloadCheckSync,Translate,HttpsUpgrades,PaintHolding --allow-pre-commit-input --disable-hang-monitor --disable-ipc-flooding-protection --disable-popup-blocking --disable-prompt-on-repost --disable-renderer-backgrounding --force-color-profile=srgb --metrics-recording-only --no-first-run --enable-automation --password-store=basic --use-mock-keychain --no-service-autorun --export-tagged-pdf --disable-search-engine-choice-screen --no-sandbox --user-data-dir=/tmp/playwright_chromiumdev_profile-2GunPc --remote-debugging-pipe --no-startup-window
- <launched> pid=3199
- [pid=3199][err] [3199:3199:0827/082315.190795:ERROR:ozone_platform_x11.cc(243)] Missing X server or $DISPLAY
- [pid=3199][err] [3199:3199:0827/082315.190833:ERROR:env.cc(257)] The platform failed to initialize.  Exiting.

	at com.microsoft.playwright.impl.Connection.dispatch(Connection.java:256)
	at com.microsoft.playwright.impl.Connection.processOneMessage(Connection.java:211)
	at com.microsoft.playwright.impl.ChannelOwner.runUntil(ChannelOwner.java:118)
	... 26 more
]]></error>
  </testcase>
  <testcase name="twoContexts" classname="ParallelAndIsolation" time="4.796"/>
  <testcase name="navigationBar" classname="Navigation" time="3.126"/>
  <testcase name="dropDownBar(String, String)[1]" classname="Navigation" time="1.18">
    <error message="Error {&#10;  message=&apos;Element is not attached to the DOM&#10;  name=&apos;Error&#10;  stack=&apos;Error: Element is not attached to the DOM&#10;    at throwRetargetableDOMError (/tmp/playwright-java-15479304313226273932/package/lib/server/dom.js:779:46)&#10;    at /tmp/playwright-java-15479304313226273932/package/lib/server/dom.js:435:25&#10;    at runNextTicks (node:internal/process/task_queues:60:5)&#10;    at process.processImmediate (node:internal/timers:449:9)&#10;    at async ProgressController.run (/tmp/playwright-java-15479304313226273932/package/lib/server/progress.js:82:22)&#10;    at async ElementHandleDispatcher.hover (/tmp/playwright-java-15479304313226273932/package/lib/server/dispatchers/elementHandlerDispatcher.js:124:12)&#10;    at async LongStandingScope._race (/tmp/playwright-java-15479304313226273932/package/lib/utils/manualPromise.js:96:14)&#10;    at async ElementHandleDispatcher._handleCommand (/tmp/playwright-java-15479304313226273932/package/lib/server/dispatchers/dispatcher.js:96:14)&#10;    at async DispatcherConnection.dispatch (/tmp/playwright-java-15479304313226273932/package/lib/server/dispatchers/dispatcher.js:365:22)&#10;}&#10;Call log:&#10;- attempting hover action&#10;-   waiting for element to be visible and stable&#10;" type="com.microsoft.playwright.PlaywrightException"><![CDATA[com.microsoft.playwright.PlaywrightException: 
Error {
  message='Element is not attached to the DOM
  name='Error
  stack='Error: Element is not attached to the DOM
    at throwRetargetableDOMError (/tmp/playwright-java-15479304313226273932/package/lib/server/dom.js:779:46)
    at /tmp/playwright-java-15479304313226273932/package/lib/server/dom.js:435:25
    at runNextTicks (node:internal/process/task_queues:60:5)
    at process.processImmediate (node:internal/timers:449:9)
    at async ProgressController.run (/tmp/playwright-java-15479304313226273932/package/lib/server/progress.js:82:22)
    at async ElementHandleDispatcher.hover (/tmp/playwright-java-15479304313226273932/package/lib/server/dispatchers/elementHandlerDispatcher.js:124:12)
    at async LongStandingScope._race (/tmp/playwright-java-15479304313226273932/package/lib/utils/manualPromise.js:96:14)
    at async ElementHandleDispatcher._handleCommand (/tmp/playwright-java-15479304313226273932/package/lib/server/dispatchers/dispatcher.js:96:14)
    at async DispatcherConnection.dispatch (/tmp/playwright-java-15479304313226273932/package/lib/server/dispatchers/dispatcher.js:365:22)
}
Call log:
- attempting hover action
-   waiting for element to be visible and stable

	at com.microsoft.playwright.impl.WaitableResult.get(WaitableResult.java:54)
	at com.microsoft.playwright.impl.ChannelOwner.runUntil(ChannelOwner.java:120)
	at com.microsoft.playwright.impl.Connection.sendMessage(Connection.java:130)
	at com.microsoft.playwright.impl.ChannelOwner.sendMessage(ChannelOwner.java:106)
	at com.microsoft.playwright.impl.ElementHandleImpl.hoverImpl(ElementHandleImpl.java:220)
	at com.microsoft.playwright.impl.ElementHandleImpl.lambda$hover$13(ElementHandleImpl.java:212)
	at com.microsoft.playwright.impl.LoggingSupport.lambda$withLogging$0(LoggingSupport.java:36)
	at com.microsoft.playwright.impl.LoggingSupport.withLogging(LoggingSupport.java:47)
	at com.microsoft.playwright.impl.ChannelOwner.withLogging(ChannelOwner.java:89)
	at com.microsoft.playwright.impl.LoggingSupport.withLogging(LoggingSupport.java:35)
	at com.microsoft.playwright.impl.ElementHandleImpl.hover(ElementHandleImpl.java:212)
	at com.microsoft.playwright.ElementHandle.hover(ElementHandle.java:1663)
	at NavigationHeader.hoverElement(NavigationHeader.java:46)
	at Navigation.dropDownBar(Navigation.java:36)
	at java.base/java.lang.reflect.Method.invoke(Method.java:569)
	at java.base/java.util.stream.ForEachOps$ForEachOp$OfRef.accept(ForEachOps.java:183)
	at java.base/java.util.stream.ReferencePipeline$3$1.accept(ReferencePipeline.java:197)
	at java.base/java.util.stream.ReferencePipeline$2$1.accept(ReferencePipeline.java:179)
	at java.base/java.util.stream.ReferencePipeline$3$1.accept(ReferencePipeline.java:197)
	at java.base/java.util.stream.ForEachOps$ForEachOp$OfRef.accept(ForEachOps.java:183)
	at java.base/java.util.stream.ReferencePipeline$3$1.accept(ReferencePipeline.java:197)
	at java.base/java.util.stream.ReferencePipeline$3$1.accept(ReferencePipeline.java:197)
	at java.base/java.util.stream.ReferencePipeline$3$1.accept(ReferencePipeline.java:197)
	at java.base/java.util.ArrayList$ArrayListSpliterator.forEachRemaining(ArrayList.java:1625)
	at java.base/java.util.stream.ReferencePipeline$Head.forEach(ReferencePipeline.java:762)
	at java.base/java.util.stream.ReferencePipeline$7$1.accept(ReferencePipeline.java:276)
	at java.base/java.util.stream.ReferencePipeline$3$1.accept(ReferencePipeline.java:197)
	at java.base/java.util.stream.ReferencePipeline$3$1.accept(ReferencePipeline.java:197)
	at java.base/java.util.stream.ReferencePipeline$3$1.accept(ReferencePipeline.java:197)
	at java.base/java.util.ArrayList$ArrayListSpliterator.forEachRemaining(ArrayList.java:1625)
	at java.base/java.util.stream.AbstractPipeline.copyInto(AbstractPipeline.java:509)
	at java.base/java.util.stream.AbstractPipeline.wrapAndCopyInto(AbstractPipeline.java:499)
	at java.base/java.util.stream.ForEachOps$ForEachOp.evaluateSequential(ForEachOps.java:150)
	at java.base/java.util.stream.ForEachOps$ForEachOp$OfRef.evaluateSequential(ForEachOps.java:173)
	at java.base/java.util.stream.AbstractPipeline.evaluate(AbstractPipeline.java:234)
	at java.base/java.util.stream.ReferencePipeline.forEach(ReferencePipeline.java:596)
	at java.base/java.util.stream.ReferencePipeline$7$1.accept(ReferencePipeline.java:276)
	at java.base/java.util.ArrayList$ArrayListSpliterator.forEachRemaining(ArrayList.java:1625)
	at java.base/java.util.stream.AbstractPipeline.copyInto(AbstractPipeline.java:509)
	at java.base/java.util.stream.AbstractPipeline.wrapAndCopyInto(AbstractPipeline.java:499)
	at java.base/java.util.stream.ForEachOps$ForEachOp.evaluateSequential(ForEachOps.java:150)
	at java.base/java.util.stream.ForEachOps$ForEachOp$OfRef.evaluateSequential(ForEachOps.java:173)
	at java.base/java.util.stream.AbstractPipeline.evaluate(AbstractPipeline.java:234)
	at java.base/java.util.stream.ReferencePipeline.forEach(ReferencePipeline.java:596)
	at java.base/java.util.concurrent.RecursiveAction.exec(RecursiveAction.java:194)
	at java.base/java.util.concurrent.ForkJoinTask.doExec(ForkJoinTask.java:373)
	at java.base/java.util.concurrent.ForkJoinPool$WorkQueue.topLevelExec(ForkJoinPool.java:1182)
	at java.base/java.util.concurrent.ForkJoinPool.scan(ForkJoinPool.java:1655)
	at java.base/java.util.concurrent.ForkJoinPool.runWorker(ForkJoinPool.java:1622)
	at java.base/java.util.concurrent.ForkJoinWorkerThread.run(ForkJoinWorkerThread.java:165)
Caused by: com.microsoft.playwright.impl.DriverException: Error {
  message='Element is not attached to the DOM
  name='Error
  stack='Error: Element is not attached to the DOM
    at throwRetargetableDOMError (/tmp/playwright-java-15479304313226273932/package/lib/server/dom.js:779:46)
    at /tmp/playwright-java-15479304313226273932/package/lib/server/dom.js:435:25
    at runNextTicks (node:internal/process/task_queues:60:5)
    at process.processImmediate (node:internal/timers:449:9)
    at async ProgressController.run (/tmp/playwright-java-15479304313226273932/package/lib/server/progress.js:82:22)
    at async ElementHandleDispatcher.hover (/tmp/playwright-java-15479304313226273932/package/lib/server/dispatchers/elementHandlerDispatcher.js:124:12)
    at async LongStandingScope._race (/tmp/playwright-java-15479304313226273932/package/lib/utils/manualPromise.js:96:14)
    at async ElementHandleDispatcher._handleCommand (/tmp/playwright-java-15479304313226273932/package/lib/server/dispatchers/dispatcher.js:96:14)
    at async DispatcherConnection.dispatch (/tmp/playwright-java-15479304313226273932/package/lib/server/dispatchers/dispatcher.js:365:22)
}
Call log:
- attempting hover action
-   waiting for element to be visible and stable

	at com.microsoft.playwright.impl.Connection.dispatch(Connection.java:259)
	at com.microsoft.playwright.impl.Connection.processOneMessage(Connection.java:211)
	at com.microsoft.playwright.impl.ChannelOwner.runUntil(ChannelOwner.java:118)
	... 48 more
]]></error>
  </testcase>
</testsuite>